TN:
SF:static/js/dogs_analysis.js
FN:7,(anonymous_0)
FN:16,(anonymous_1)
FN:29,(anonymous_2)
FN:34,(anonymous_3)
FN:39,(anonymous_4)
FN:46,performSearch
FN:57,(anonymous_6)
FN:58,(anonymous_7)
FN:65,(anonymous_8)
FN:71,displaySearchResults
FN:81,(anonymous_10)
FN:137,loadTopPerformers
FN:142,(anonymous_12)
FN:143,(anonymous_13)
FN:150,(anonymous_14)
FN:156,displayTopPerformers
FN:161,(anonymous_16)
FN:185,viewDogDetails
FN:197,(anonymous_18)
FN:198,(anonymous_19)
FN:200,(anonymous_20)
FN:203,(anonymous_21)
FN:209,displayDogDetails
FN:284,(anonymous_23)
FN:331,(anonymous_24)
FN:374,loadAllDogs
FN:397,(anonymous_26)
FN:404,(anonymous_27)
FN:416,(anonymous_28)
FN:421,(anonymous_29)
FN:428,displayAllDogs
FN:459,(anonymous_31)
FN:503,displayPagination
FN:571,changePage
FNF:34
FNH:3
FNDA:1,(anonymous_0)
FNDA:0,(anonymous_1)
FNDA:0,(anonymous_2)
FNDA:0,(anonymous_3)
FNDA:0,(anonymous_4)
FNDA:0,performSearch
FNDA:0,(anonymous_6)
FNDA:0,(anonymous_7)
FNDA:0,(anonymous_8)
FNDA:0,displaySearchResults
FNDA:0,(anonymous_10)
FNDA:1,loadTopPerformers
FNDA:0,(anonymous_12)
FNDA:0,(anonymous_13)
FNDA:1,(anonymous_14)
FNDA:0,displayTopPerformers
FNDA:0,(anonymous_16)
FNDA:0,viewDogDetails
FNDA:0,(anonymous_18)
FNDA:0,(anonymous_19)
FNDA:0,(anonymous_20)
FNDA:0,(anonymous_21)
FNDA:0,displayDogDetails
FNDA:0,(anonymous_23)
FNDA:0,(anonymous_24)
FNDA:0,loadAllDogs
FNDA:0,(anonymous_26)
FNDA:0,(anonymous_27)
FNDA:0,(anonymous_28)
FNDA:0,(anonymous_29)
FNDA:0,displayAllDogs
FNDA:0,(anonymous_31)
FNDA:0,displayPagination
FNDA:0,changePage
DA:2,1
DA:3,1
DA:4,1
DA:5,1
DA:7,1
DA:9,1
DA:12,1
DA:13,1
DA:15,1
DA:16,1
DA:17,0
DA:18,0
DA:23,1
DA:24,1
DA:25,1
DA:26,1
DA:28,1
DA:29,1
DA:30,0
DA:31,0
DA:32,0
DA:34,1
DA:35,0
DA:36,0
DA:37,0
DA:39,1
DA:40,0
DA:41,0
DA:42,0
DA:47,0
DA:48,0
DA:49,0
DA:50,0
DA:53,0
DA:54,0
DA:56,0
DA:57,0
DA:59,0
DA:60,0
DA:62,0
DA:66,0
DA:67,0
DA:72,0
DA:74,0
DA:75,0
DA:76,0
DA:79,0
DA:81,0
DA:82,0
DA:83,0
DA:85,0
DA:133,0
DA:134,0
DA:138,1
DA:139,1
DA:141,1
DA:142,0
DA:144,0
DA:145,0
DA:147,0
DA:151,1
DA:152,1
DA:157,0
DA:159,0
DA:161,0
DA:162,0
DA:164,0
DA:181,0
DA:182,0
DA:186,0
DA:187,0
DA:188,0
DA:190,0
DA:191,0
DA:193,0
DA:196,0
DA:197,0
DA:198,0
DA:201,0
DA:204,0
DA:205,0
DA:210,0
DA:212,0
DA:213,0
DA:214,0
DA:217,0
DA:218,0
DA:219,0
DA:220,0
DA:221,0
DA:223,0
DA:224,0
DA:226,0
DA:283,0
DA:284,0
DA:285,0
DA:286,0
DA:297,0
DA:300,0
DA:315,0
DA:316,0
DA:331,0
DA:332,0
DA:333,0
DA:344,0
DA:350,0
DA:351,0
DA:353,0
DA:361,0
DA:364,0
DA:371,0
DA:375,0
DA:376,0
DA:377,0
DA:378,0
DA:380,0
DA:382,0
DA:383,0
DA:384,0
DA:388,0
DA:389,0
DA:391,0
DA:393,0
DA:394,0
DA:396,0
DA:398,0
DA:399,0
DA:400,0
DA:402,0
DA:405,0
DA:406,0
DA:407,0
DA:408,0
DA:409,0
DA:411,0
DA:412,0
DA:413,0
DA:417,0
DA:418,0
DA:419,0
DA:423,0
DA:424,0
DA:429,0
DA:431,0
DA:432,0
DA:433,0
DA:436,0
DA:459,0
DA:460,0
DA:461,0
DA:462,0
DA:463,0
DA:464,0
DA:466,0
DA:494,0
DA:500,0
DA:504,0
DA:506,0
DA:507,0
DA:508,0
DA:511,0
DA:514,0
DA:515,0
DA:523,0
DA:527,0
DA:528,0
DA:530,0
DA:531,0
DA:532,0
DA:533,0
DA:537,0
DA:538,0
DA:539,0
DA:541,0
DA:545,0
DA:546,0
DA:547,0
DA:549,0
DA:553,0
DA:554,0
DA:562,0
DA:565,0
DA:567,0
DA:568,0
DA:572,0
DA:573,0
DA:576,0
LF:187
LH:23
BRDA:17,0,0,0
BRDA:17,0,1,0
BRDA:48,1,0,0
BRDA:48,1,1,0
BRDA:59,2,0,0
BRDA:59,2,1,0
BRDA:74,3,0,0
BRDA:74,3,1,0
BRDA:74,4,0,0
BRDA:74,4,1,0
BRDA:82,5,0,0
BRDA:82,5,1,0
BRDA:83,6,0,0
BRDA:83,6,1,0
BRDA:103,7,0,0
BRDA:103,7,1,0
BRDA:103,8,0,0
BRDA:103,8,1,0
BRDA:107,9,0,0
BRDA:107,9,1,0
BRDA:107,10,0,0
BRDA:107,10,1,0
BRDA:110,11,0,0
BRDA:110,11,1,0
BRDA:116,12,0,0
BRDA:116,12,1,0
BRDA:144,13,0,0
BRDA:144,13,1,0
BRDA:144,14,0,0
BRDA:144,14,1,0
BRDA:144,14,2,0
BRDA:162,15,0,0
BRDA:162,15,1,0
BRDA:212,16,0,0
BRDA:212,16,1,0
BRDA:219,17,0,0
BRDA:219,17,1,0
BRDA:220,18,0,0
BRDA:220,18,1,0
BRDA:221,19,0,0
BRDA:221,19,1,0
BRDA:223,20,0,0
BRDA:223,20,1,0
BRDA:224,21,0,0
BRDA:224,21,1,0
BRDA:247,22,0,0
BRDA:247,22,1,0
BRDA:247,23,0,0
BRDA:247,23,1,0
BRDA:251,24,0,0
BRDA:251,24,1,0
BRDA:251,25,0,0
BRDA:251,25,1,0
BRDA:254,26,0,0
BRDA:254,26,1,0
BRDA:260,27,0,0
BRDA:260,27,1,0
BRDA:266,28,0,0
BRDA:266,28,1,0
BRDA:283,29,0,0
BRDA:283,29,1,0
BRDA:285,30,0,0
BRDA:285,30,1,0
BRDA:292,31,0,0
BRDA:292,31,1,0
BRDA:292,32,0,0
BRDA:292,32,1,0
BRDA:315,33,0,0
BRDA:315,33,1,0
BRDA:332,34,0,0
BRDA:332,34,1,0
BRDA:332,35,0,0
BRDA:332,35,1,0
BRDA:338,36,0,0
BRDA:338,36,1,0
BRDA:339,37,0,0
BRDA:339,37,1,0
BRDA:350,38,0,0
BRDA:350,38,1,0
BRDA:351,39,0,0
BRDA:351,39,1,0
BRDA:352,40,0,0
BRDA:352,40,1,0
BRDA:382,41,0,0
BRDA:382,41,1,0
BRDA:382,42,0,0
BRDA:382,42,1,0
BRDA:382,42,2,0
BRDA:399,43,0,0
BRDA:399,43,1,0
BRDA:406,44,0,0
BRDA:406,44,1,0
BRDA:412,45,0,0
BRDA:412,45,1,0
BRDA:431,46,0,0
BRDA:431,46,1,0
BRDA:431,47,0,0
BRDA:431,47,1,0
BRDA:460,48,0,0
BRDA:460,48,1,0
BRDA:461,49,0,0
BRDA:461,49,1,0
BRDA:462,50,0,0
BRDA:462,50,1,0
BRDA:463,51,0,0
BRDA:463,51,1,0
BRDA:464,52,0,0
BRDA:464,52,1,0
BRDA:473,53,0,0
BRDA:473,53,1,0
BRDA:473,54,0,0
BRDA:473,54,1,0
BRDA:478,55,0,0
BRDA:478,55,1,0
BRDA:478,56,0,0
BRDA:478,56,1,0
BRDA:482,57,0,0
BRDA:482,57,1,0
BRDA:483,58,0,0
BRDA:483,58,1,0
BRDA:483,59,0,0
BRDA:483,59,1,0
BRDA:506,60,0,0
BRDA:506,60,1,0
BRDA:514,61,0,0
BRDA:514,61,1,0
BRDA:530,62,0,0
BRDA:530,62,1,0
BRDA:532,63,0,0
BRDA:532,63,1,0
BRDA:538,64,0,0
BRDA:538,64,1,0
BRDA:545,65,0,0
BRDA:545,65,1,0
BRDA:546,66,0,0
BRDA:546,66,1,0
BRDA:553,67,0,0
BRDA:553,67,1,0
BRF:138
BRH:0
end_of_record
TN:
SF:static/js/interactive-races.js
FN:4,getCSRFToken
FN:10,fetchWithErrorHandling
FN:45,showToast
FN:57,(anonymous_3)
FN:64,(anonymous_4)
FN:91,init
FN:103,loadRaces
FN:131,renderRaces
FN:141,(anonymous_8)
FN:161,(anonymous_9)
FN:162,(anonymous_10)
FN:173,toggleViewMode
FN:190,(anonymous_12)
FN:196,setupEventListeners
FN:197,(anonymous_14)
FN:202,(anonymous_15)
FN:204,(anonymous_16)
FN:207,(anonymous_17)
FN:209,(anonymous_18)
FN:218,(anonymous_19)
FN:229,filterAndSortRaces
FN:234,(anonymous_21)
FN:241,(anonymous_22)
FN:251,paginateRaces
FN:258,renderPagination
FN:266,(anonymous_25)
FN:274,runAllUpcomingPredictions
FN:303,(anonymous_27)
FN:316,(anonymous_28)
FN:333,runSinglePrediction
FN:393,runPredictions
FN:500,displayPredictionResults
FN:514,(anonymous_32)
FN:579,(anonymous_33)
FN:594,(anonymous_34)
FN:619,(anonymous_35)
FN:623,(anonymous_36)
FN:658,showAlert
FN:665,(anonymous_38)
FN:703,init
FN:710,debounce
FN:712,executedFunction
FN:713,(anonymous_42)
FN:723,fetchRaces
FN:729,setupEventListeners
FN:738,loadVenuesAndGrades
FN:746,populateSelect
FN:748,(anonymous_47)
FN:753,handleSearch
FN:759,clearSearch
FN:766,handleFilterChange
FN:775,toggleView
FNF:52
FNH:0
FNDA:0,getCSRFToken
FNDA:0,fetchWithErrorHandling
FNDA:0,showToast
FNDA:0,(anonymous_3)
FNDA:0,(anonymous_4)
FNDA:0,init
FNDA:0,loadRaces
FNDA:0,renderRaces
FNDA:0,(anonymous_8)
FNDA:0,(anonymous_9)
FNDA:0,(anonymous_10)
FNDA:0,toggleViewMode
FNDA:0,(anonymous_12)
FNDA:0,setupEventListeners
FNDA:0,(anonymous_14)
FNDA:0,(anonymous_15)
FNDA:0,(anonymous_16)
FNDA:0,(anonymous_17)
FNDA:0,(anonymous_18)
FNDA:0,(anonymous_19)
FNDA:0,filterAndSortRaces
FNDA:0,(anonymous_21)
FNDA:0,(anonymous_22)
FNDA:0,paginateRaces
FNDA:0,renderPagination
FNDA:0,(anonymous_25)
FNDA:0,runAllUpcomingPredictions
FNDA:0,(anonymous_27)
FNDA:0,(anonymous_28)
FNDA:0,runSinglePrediction
FNDA:0,runPredictions
FNDA:0,displayPredictionResults
FNDA:0,(anonymous_32)
FNDA:0,(anonymous_33)
FNDA:0,(anonymous_34)
FNDA:0,(anonymous_35)
FNDA:0,(anonymous_36)
FNDA:0,showAlert
FNDA:0,(anonymous_38)
FNDA:0,init
FNDA:0,debounce
FNDA:0,executedFunction
FNDA:0,(anonymous_42)
FNDA:0,fetchRaces
FNDA:0,setupEventListeners
FNDA:0,loadVenuesAndGrades
FNDA:0,populateSelect
FNDA:0,(anonymous_47)
FNDA:0,handleSearch
FNDA:0,clearSearch
FNDA:0,handleFilterChange
FNDA:0,toggleView
DA:5,0
DA:6,0
DA:11,0
DA:12,0
DA:17,0
DA:18,0
DA:19,0
DA:22,0
DA:30,0
DA:32,0
DA:33,0
DA:34,0
DA:37,0
DA:39,0
DA:40,0
DA:46,0
DA:47,0
DA:48,0
DA:49,0
DA:54,0
DA:57,0
DA:58,0
DA:59,0
DA:64,0
DA:65,0
DA:76,0
DA:92,0
DA:93,0
DA:94,0
DA:95,0
DA:97,0
DA:98,0
DA:104,0
DA:106,0
DA:108,0
DA:110,0
DA:111,0
DA:112,0
DA:114,0
DA:115,0
DA:116,0
DA:117,0
DA:119,0
DA:122,0
DA:123,0
DA:124,0
DA:126,0
DA:132,0
DA:133,0
DA:135,0
DA:136,0
DA:137,0
DA:138,0
DA:141,0
DA:142,0
DA:145,0
DA:147,0
DA:157,0
DA:161,0
DA:162,0
DA:163,0
DA:164,0
DA:165,0
DA:169,0
DA:174,0
DA:177,0
DA:178,0
DA:181,0
DA:182,0
DA:189,0
DA:190,0
DA:191,0
DA:197,0
DA:198,0
DA:199,0
DA:202,0
DA:203,0
DA:204,0
DA:207,0
DA:208,0
DA:209,0
DA:213,0
DA:214,0
DA:218,0
DA:219,0
DA:223,0
DA:224,0
DA:230,0
DA:232,0
DA:233,0
DA:234,0
DA:235,0
DA:240,0
DA:241,0
DA:242,0
DA:243,0
DA:244,0
DA:247,0
DA:252,0
DA:253,0
DA:254,0
DA:259,0
DA:260,0
DA:262,0
DA:263,0
DA:264,0
DA:265,0
DA:266,0
DA:267,0
DA:268,0
DA:270,0
DA:275,0
DA:276,0
DA:277,0
DA:280,0
DA:281,0
DA:283,0
DA:284,0
DA:285,0
DA:286,0
DA:288,0
DA:292,0
DA:293,0
DA:294,0
DA:295,0
DA:298,0
DA:300,0
DA:302,0
DA:303,0
DA:304,0
DA:308,0
DA:311,0
DA:312,0
DA:315,0
DA:316,0
DA:317,0
DA:320,0
DA:323,0
DA:324,0
DA:326,0
DA:327,0
DA:328,0
DA:334,0
DA:335,0
DA:336,0
DA:339,0
DA:340,0
DA:343,0
DA:344,0
DA:353,0
DA:354,0
DA:355,0
DA:357,0
DA:360,0
DA:365,0
DA:366,0
DA:367,0
DA:370,0
DA:372,0
DA:373,0
DA:374,0
DA:376,0
DA:377,0
DA:381,0
DA:382,0
DA:383,0
DA:388,0
DA:394,0
DA:395,0
DA:396,0
DA:399,0
DA:400,0
DA:401,0
DA:404,0
DA:405,0
DA:407,0
DA:408,0
DA:409,0
DA:410,0
DA:412,0
DA:413,0
DA:421,0
DA:422,0
DA:424,0
DA:425,0
DA:426,0
DA:427,0
DA:430,0
DA:431,0
DA:444,0
DA:446,0
DA:447,0
DA:448,0
DA:450,0
DA:453,0
DA:458,0
DA:459,0
DA:460,0
DA:463,0
DA:464,0
DA:466,0
DA:467,0
DA:470,0
DA:471,0
DA:481,0
DA:483,0
DA:486,0
DA:487,0
DA:488,0
DA:493,0
DA:494,0
DA:495,0
DA:501,0
DA:502,0
DA:506,0
DA:510,0
DA:512,0
DA:514,0
DA:515,0
DA:516,0
DA:518,0
DA:519,0
DA:520,0
DA:522,0
DA:523,0
DA:524,0
DA:525,0
DA:527,0
DA:554,0
DA:562,0
DA:563,0
DA:565,0
DA:575,0
DA:579,0
DA:580,0
DA:581,0
DA:582,0
DA:590,0
DA:594,0
DA:595,0
DA:596,0
DA:597,0
DA:599,0
DA:600,0
DA:601,0
DA:602,0
DA:603,0
DA:605,0
DA:606,0
DA:607,0
DA:608,0
DA:611,0
DA:612,0
DA:615,0
DA:616,0
DA:617,0
DA:619,0
DA:620,0
DA:621,0
DA:623,0
DA:624,0
DA:625,0
DA:626,0
DA:628,0
DA:642,0
DA:644,0
DA:645,0
DA:648,0
DA:650,0
DA:659,0
DA:662,0
DA:665,0
DA:666,0
DA:688,0
DA:704,0
DA:705,0
DA:706,0
DA:712,0
DA:713,0
DA:714,0
DA:715,0
DA:717,0
DA:718,0
DA:726,0
DA:730,0
DA:731,0
DA:732,0
DA:733,0
DA:734,0
DA:735,0
DA:740,0
DA:741,0
DA:743,0
DA:747,0
DA:748,0
DA:749,0
DA:754,0
DA:755,0
DA:756,0
DA:760,0
DA:761,0
DA:762,0
DA:763,0
DA:767,0
DA:768,0
DA:769,0
DA:770,0
DA:771,0
DA:772,0
DA:776,0
DA:777,0
DA:778,0
DA:781,0
LF:313
LH:0
BRDA:6,0,0,0
BRDA:6,0,1,0
BRDA:10,1,0,0
BRDA:18,2,0,0
BRDA:18,2,1,0
BRDA:18,3,0,0
BRDA:18,3,1,0
BRDA:18,3,2,0
BRDA:18,3,3,0
BRDA:32,4,0,0
BRDA:32,4,1,0
BRDA:34,5,0,0
BRDA:34,5,1,0
BRDA:45,6,0,0
BRDA:58,7,0,0
BRDA:58,7,1,0
BRDA:104,8,0,0
BRDA:104,8,1,0
BRDA:110,9,0,0
BRDA:110,9,1,0
BRDA:114,10,0,0
BRDA:114,10,1,0
BRDA:115,11,0,0
BRDA:115,11,1,0
BRDA:116,12,0,0
BRDA:116,12,1,0
BRDA:119,13,0,0
BRDA:119,13,1,0
BRDA:136,14,0,0
BRDA:136,14,1,0
BRDA:145,15,0,0
BRDA:145,15,1,0
BRDA:174,16,0,0
BRDA:174,16,1,0
BRDA:177,17,0,0
BRDA:177,17,1,0
BRDA:178,18,0,0
BRDA:178,18,1,0
BRDA:181,19,0,0
BRDA:181,19,1,0
BRDA:183,20,0,0
BRDA:183,20,1,0
BRDA:184,21,0,0
BRDA:184,21,1,0
BRDA:213,22,0,0
BRDA:213,22,1,0
BRDA:223,23,0,0
BRDA:223,23,1,0
BRDA:232,24,0,0
BRDA:232,24,1,0
BRDA:235,25,0,0
BRDA:235,25,1,0
BRDA:242,26,0,0
BRDA:242,26,1,0
BRDA:242,27,0,0
BRDA:242,27,1,0
BRDA:243,28,0,0
BRDA:243,28,1,0
BRDA:243,29,0,0
BRDA:243,29,1,0
BRDA:264,30,0,0
BRDA:264,30,1,0
BRDA:275,31,0,0
BRDA:275,31,1,0
BRDA:292,32,0,0
BRDA:292,32,1,0
BRDA:294,33,0,0
BRDA:294,33,1,0
BRDA:300,34,0,0
BRDA:300,34,1,0
BRDA:302,35,0,0
BRDA:302,35,1,0
BRDA:302,36,0,0
BRDA:302,36,1,0
BRDA:308,37,0,0
BRDA:308,37,1,0
BRDA:308,38,0,0
BRDA:308,38,1,0
BRDA:308,39,0,0
BRDA:308,39,1,0
BRDA:311,40,0,0
BRDA:311,40,1,0
BRDA:315,41,0,0
BRDA:315,41,1,0
BRDA:315,42,0,0
BRDA:315,42,1,0
BRDA:320,43,0,0
BRDA:320,43,1,0
BRDA:334,44,0,0
BRDA:334,44,1,0
BRDA:354,45,0,0
BRDA:354,45,1,0
BRDA:365,46,0,0
BRDA:365,46,1,0
BRDA:367,47,0,0
BRDA:367,47,1,0
BRDA:372,48,0,0
BRDA:372,48,1,0
BRDA:376,49,0,0
BRDA:376,49,1,0
BRDA:394,50,0,0
BRDA:394,50,1,0
BRDA:394,51,0,0
BRDA:394,51,1,0
BRDA:399,52,0,0
BRDA:399,52,1,0
BRDA:430,53,0,0
BRDA:430,53,1,0
BRDA:447,54,0,0
BRDA:447,54,1,0
BRDA:458,55,0,0
BRDA:458,55,1,0
BRDA:460,56,0,0
BRDA:460,56,1,0
BRDA:466,57,0,0
BRDA:466,57,1,0
BRDA:482,58,0,0
BRDA:482,58,1,0
BRDA:501,59,0,0
BRDA:501,59,1,0
BRDA:501,60,0,0
BRDA:501,60,1,0
BRDA:516,61,0,0
BRDA:516,61,1,0
BRDA:518,62,0,0
BRDA:518,62,1,0
BRDA:518,63,0,0
BRDA:518,63,1,0
BRDA:518,63,2,0
BRDA:522,64,0,0
BRDA:522,64,1,0
BRDA:523,65,0,0
BRDA:523,65,1,0
BRDA:523,65,2,0
BRDA:523,65,3,0
BRDA:524,66,0,0
BRDA:524,66,1,0
BRDA:524,66,2,0
BRDA:525,67,0,0
BRDA:525,67,1,0
BRDA:525,67,2,0
BRDA:540,68,0,0
BRDA:540,68,1,0
BRDA:556,69,0,0
BRDA:556,69,1,0
BRDA:562,70,0,0
BRDA:562,70,1,0
BRDA:562,70,2,0
BRDA:563,71,0,0
BRDA:563,71,1,0
BRDA:570,72,0,0
BRDA:570,72,1,0
BRDA:599,73,0,0
BRDA:599,73,1,0
BRDA:611,74,0,0
BRDA:611,74,1,0
BRDA:616,75,0,0
BRDA:616,75,1,0
BRDA:620,76,0,0
BRDA:620,76,1,0
BRDA:620,77,0,0
BRDA:620,77,1,0
BRDA:620,77,2,0
BRDA:624,78,0,0
BRDA:624,78,1,0
BRDA:624,78,2,0
BRDA:624,78,3,0
BRDA:625,79,0,0
BRDA:625,79,1,0
BRDA:625,79,2,0
BRDA:626,80,0,0
BRDA:626,80,1,0
BRDA:626,80,2,0
BRDA:644,81,0,0
BRDA:644,81,1,0
BRDA:658,82,0,0
BRDA:776,83,0,0
BRDA:776,83,1,0
BRDA:777,84,0,0
BRDA:777,84,1,0
BRF:180
BRH:0
end_of_record
TN:
SF:static/js/loading-utils.js
FN:11,(anonymous_0)
FN:21,(anonymous_1)
FN:98,(anonymous_2)
FN:123,(anonymous_3)
FN:141,(anonymous_4)
FN:156,(anonymous_5)
FN:167,(anonymous_6)
FN:188,(anonymous_7)
FN:201,(anonymous_8)
FN:213,(anonymous_9)
FN:217,(anonymous_10)
FN:235,(anonymous_11)
FN:256,(anonymous_12)
FN:268,(anonymous_13)
FN:282,(anonymous_14)
FN:300,(anonymous_15)
FN:301,(anonymous_16)
FN:309,(anonymous_17)
FN:326,(anonymous_18)
FN:331,(anonymous_19)
FN:339,(anonymous_20)
FN:342,(anonymous_21)
FN:346,(anonymous_22)
FN:355,(anonymous_23)
FN:359,(anonymous_24)
FN:368,(anonymous_25)
FN:378,(anonymous_26)
FN:405,(anonymous_27)
FN:432,(anonymous_28)
FN:440,(anonymous_29)
FN:457,(anonymous_30)
FN:471,(anonymous_31)
FN:472,(anonymous_32)
FN:481,(anonymous_33)
FN:497,(anonymous_34)
FN:533,(anonymous_35)
FN:546,(anonymous_36)
FN:557,(anonymous_37)
FN:568,(anonymous_38)
FN:577,(anonymous_39)
FN:596,(anonymous_40)
FN:597,(anonymous_41)
FN:598,(anonymous_42)
FN:600,(anonymous_43)
FN:601,(anonymous_44)
FN:602,(anonymous_45)
FN:603,(anonymous_46)
FN:605,(anonymous_47)
FN:606,(anonymous_48)
FN:607,(anonymous_49)
FN:609,(anonymous_50)
FN:610,(anonymous_51)
FN:611,(anonymous_52)
FNF:53
FNH:0
FNDA:0,(anonymous_0)
FNDA:0,(anonymous_1)
FNDA:0,(anonymous_2)
FNDA:0,(anonymous_3)
FNDA:0,(anonymous_4)
FNDA:0,(anonymous_5)
FNDA:0,(anonymous_6)
FNDA:0,(anonymous_7)
FNDA:0,(anonymous_8)
FNDA:0,(anonymous_9)
FNDA:0,(anonymous_10)
FNDA:0,(anonymous_11)
FNDA:0,(anonymous_12)
FNDA:0,(anonymous_13)
FNDA:0,(anonymous_14)
FNDA:0,(anonymous_15)
FNDA:0,(anonymous_16)
FNDA:0,(anonymous_17)
FNDA:0,(anonymous_18)
FNDA:0,(anonymous_19)
FNDA:0,(anonymous_20)
FNDA:0,(anonymous_21)
FNDA:0,(anonymous_22)
FNDA:0,(anonymous_23)
FNDA:0,(anonymous_24)
FNDA:0,(anonymous_25)
FNDA:0,(anonymous_26)
FNDA:0,(anonymous_27)
FNDA:0,(anonymous_28)
FNDA:0,(anonymous_29)
FNDA:0,(anonymous_30)
FNDA:0,(anonymous_31)
FNDA:0,(anonymous_32)
FNDA:0,(anonymous_33)
FNDA:0,(anonymous_34)
FNDA:0,(anonymous_35)
FNDA:0,(anonymous_36)
FNDA:0,(anonymous_37)
FNDA:0,(anonymous_38)
FNDA:0,(anonymous_39)
FNDA:0,(anonymous_40)
FNDA:0,(anonymous_41)
FNDA:0,(anonymous_42)
FNDA:0,(anonymous_43)
FNDA:0,(anonymous_44)
FNDA:0,(anonymous_45)
FNDA:0,(anonymous_46)
FNDA:0,(anonymous_47)
FNDA:0,(anonymous_48)
FNDA:0,(anonymous_49)
FNDA:0,(anonymous_50)
FNDA:0,(anonymous_51)
FNDA:0,(anonymous_52)
DA:12,0
DA:13,0
DA:18,0
DA:23,0
DA:24,0
DA:25,0
DA:26,0
DA:89,0
DA:99,0
DA:103,0
DA:104,0
DA:105,0
DA:108,0
DA:110,0
DA:111,0
DA:113,0
DA:116,0
DA:124,0
DA:128,0
DA:130,0
DA:132,0
DA:133,0
DA:135,0
DA:138,0
DA:142,0
DA:143,0
DA:146,0
DA:147,0
DA:151,0
DA:152,0
DA:153,0
DA:157,0
DA:158,0
DA:161,0
DA:162,0
DA:163,0
DA:169,0
DA:170,0
DA:174,0
DA:175,0
DA:176,0
DA:185,0
DA:189,0
DA:190,0
DA:191,0
DA:193,0
DA:202,0
DA:206,0
DA:207,0
DA:214,0
DA:218,0
DA:219,0
DA:220,0
DA:221,0
DA:222,0
DA:223,0
DA:224,0
DA:226,0
DA:236,0
DA:237,0
DA:238,0
DA:239,0
DA:240,0
DA:242,0
DA:252,0
DA:255,0
DA:256,0
DA:257,0
DA:258,0
DA:259,0
DA:260,0
DA:265,0
DA:269,0
DA:275,0
DA:283,0
DA:285,0
DA:286,0
DA:287,0
DA:288,0
DA:289,0
DA:290,0
DA:293,0
DA:301,0
DA:302,0
DA:303,0
DA:304,0
DA:311,0
DA:314,0
DA:315,0
DA:316,0
DA:320,0
DA:321,0
DA:322,0
DA:323,0
DA:326,0
DA:327,0
DA:332,0
DA:333,0
DA:334,0
DA:335,0
DA:341,0
DA:342,0
DA:345,0
DA:346,0
DA:347,0
DA:348,0
DA:356,0
DA:360,0
DA:361,0
DA:369,0
DA:379,0
DA:386,0
DA:387,0
DA:388,0
DA:391,0
DA:392,0
DA:395,0
DA:396,0
DA:407,0
DA:408,0
DA:409,0
DA:412,0
DA:413,0
DA:414,0
DA:429,0
DA:433,0
DA:441,0
DA:446,0
DA:458,0
DA:464,0
DA:465,0
DA:466,0
DA:467,0
DA:470,0
DA:471,0
DA:472,0
DA:474,0
DA:475,0
DA:476,0
DA:477,0
DA:481,0
DA:482,0
DA:483,0
DA:484,0
DA:488,0
DA:489,0
DA:498,0
DA:504,0
DA:506,0
DA:507,0
DA:508,0
DA:509,0
DA:512,0
DA:513,0
DA:514,0
DA:515,0
DA:518,0
DA:519,0
DA:520,0
DA:521,0
DA:524,0
DA:525,0
DA:534,0
DA:537,0
DA:538,0
DA:547,0
DA:552,0
DA:555,0
DA:557,0
DA:558,0
DA:560,0
DA:561,0
DA:562,0
DA:567,0
DA:568,0
DA:569,0
DA:570,0
DA:571,0
DA:572,0
DA:576,0
DA:577,0
DA:578,0
DA:579,0
DA:580,0
DA:581,0
DA:585,0
DA:590,0
DA:591,0
DA:592,0
DA:593,0
DA:596,0
DA:597,0
DA:598,0
DA:600,0
DA:601,0
DA:602,0
DA:603,0
DA:605,0
DA:606,0
DA:607,0
DA:609,0
DA:610,0
DA:611,0
DA:614,0
DA:621,0
LF:205
LH:0
BRDA:23,0,0,0
BRDA:23,0,1,0
BRDA:98,1,0,0
BRDA:99,2,0,0
BRDA:99,2,1,0
BRDA:103,3,0,0
BRDA:103,3,1,0
BRDA:108,4,0,0
BRDA:108,4,1,0
BRDA:110,5,0,0
BRDA:110,5,1,0
BRDA:124,6,0,0
BRDA:124,6,1,0
BRDA:128,7,0,0
BRDA:128,7,1,0
BRDA:130,8,0,0
BRDA:130,8,1,0
BRDA:132,9,0,0
BRDA:132,9,1,0
BRDA:146,10,0,0
BRDA:146,10,1,0
BRDA:161,11,0,0
BRDA:161,11,1,0
BRDA:169,12,0,0
BRDA:169,12,1,0
BRDA:190,13,0,0
BRDA:190,13,1,0
BRDA:202,14,0,0
BRDA:202,14,1,0
BRDA:206,15,0,0
BRDA:206,15,1,0
BRDA:219,16,0,0
BRDA:219,16,1,0
BRDA:235,17,0,0
BRDA:235,18,0,0
BRDA:255,19,0,0
BRDA:255,19,1,0
BRDA:258,20,0,0
BRDA:258,20,1,0
BRDA:275,21,0,0
BRDA:275,21,1,0
BRDA:285,22,0,0
BRDA:285,22,1,0
BRDA:287,23,0,0
BRDA:287,23,1,0
BRDA:289,24,0,0
BRDA:289,24,1,0
BRDA:302,25,0,0
BRDA:302,25,1,0
BRDA:303,26,0,0
BRDA:303,26,1,0
BRDA:315,27,0,0
BRDA:315,27,1,0
BRDA:334,28,0,0
BRDA:334,28,1,0
BRDA:361,29,0,0
BRDA:361,29,1,0
BRDA:378,30,0,0
BRDA:391,31,0,0
BRDA:391,31,1,0
BRDA:408,32,0,0
BRDA:408,32,1,0
BRDA:464,33,0,0
BRDA:464,33,1,0
BRDA:464,34,0,0
BRDA:464,34,1,0
BRDA:474,35,0,0
BRDA:474,35,1,0
BRDA:482,36,0,0
BRDA:482,36,1,0
BRDA:506,37,0,0
BRDA:506,37,1,0
BRDA:512,38,0,0
BRDA:512,38,1,0
BRDA:518,39,0,0
BRDA:518,39,1,0
BRDA:534,40,0,0
BRDA:534,40,1,0
BRDA:534,41,0,0
BRDA:534,41,1,0
BRDA:538,42,0,0
BRDA:538,42,1,0
BRDA:558,43,0,0
BRDA:558,43,1,0
BRDA:560,44,0,0
BRDA:560,44,1,0
BRDA:560,45,0,0
BRDA:560,45,1,0
BRDA:560,45,2,0
BRDA:570,46,0,0
BRDA:570,46,1,0
BRDA:579,47,0,0
BRDA:579,47,1,0
BRDA:600,48,0,0
BRDA:600,49,0,0
BRF:95
BRH:0
end_of_record
TN:
SF:static/js/ml-dashboard.js
FN:2,initializeDashboard
FN:9,refreshRaceCards
FN:11,(anonymous_2)
FN:12,(anonymous_3)
FN:15,updateRaceCards
FN:18,(anonymous_5)
FN:34,loadFeatureImportanceChart
FN:61,loadConfidenceChart
FN:80,loadPerformanceTrendChart
FNF:9
FNH:0
FNDA:0,initializeDashboard
FNDA:0,refreshRaceCards
FNDA:0,(anonymous_2)
FNDA:0,(anonymous_3)
FNDA:0,updateRaceCards
FNDA:0,(anonymous_5)
FNDA:0,loadFeatureImportanceChart
FNDA:0,loadConfidenceChart
FNDA:0,loadPerformanceTrendChart
DA:3,0
DA:4,0
DA:5,0
DA:6,0
DA:10,0
DA:11,0
DA:12,0
DA:16,0
DA:17,0
DA:18,0
DA:19,0
DA:20,0
DA:21,0
DA:30,0
DA:35,0
DA:36,0
DA:62,0
DA:63,0
DA:81,0
DA:82,0
LF:20
LH:0
BRF:0
BRH:0
end_of_record
TN:
SF:static/js/ml_dashboard.js
FN:2,(anonymous_0)
FN:23,init
FN:31,setupEventListeners
FN:50,loadDashboardData
FN:70,loadRaces
FN:84,loadPredictions
FN:100,initializeCharts
FN:122,(anonymous_7)
FN:174,(anonymous_8)
FN:175,(anonymous_9)
FN:182,updateCharts
FN:187,(anonymous_11)
FN:188,(anonymous_12)
FN:194,(anonymous_13)
FN:203,updateHistoricalAccuracyChart
FN:207,(anonymous_15)
FN:208,(anonymous_16)
FN:212,showPredictionDetail
FN:213,(anonymous_18)
FNF:19
FNH:0
FNDA:0,(anonymous_0)
FNDA:0,init
FNDA:0,setupEventListeners
FNDA:0,loadDashboardData
FNDA:0,loadRaces
FNDA:0,loadPredictions
FNDA:0,initializeCharts
FNDA:0,(anonymous_7)
FNDA:0,(anonymous_8)
FNDA:0,(anonymous_9)
FNDA:0,updateCharts
FNDA:0,(anonymous_11)
FNDA:0,(anonymous_12)
FNDA:0,(anonymous_13)
FNDA:0,updateHistoricalAccuracyChart
FNDA:0,(anonymous_15)
FNDA:0,(anonymous_16)
FNDA:0,showPredictionDetail
FNDA:0,(anonymous_18)
DA:2,0
DA:3,0
DA:11,0
DA:24,0
DA:25,0
DA:26,0
DA:27,0
DA:32,0
DA:33,0
DA:35,0
DA:36,0
DA:38,0
DA:39,0
DA:41,0
DA:42,0
DA:44,0
DA:45,0
DA:51,0
DA:53,0
DA:54,0
DA:55,0
DA:60,0
DA:62,0
DA:63,0
DA:65,0
DA:71,0
DA:72,0
DA:73,0
DA:75,0
DA:76,0
DA:79,0
DA:85,0
DA:86,0
DA:87,0
DA:89,0
DA:90,0
DA:93,0
DA:97,0
DA:102,0
DA:103,0
DA:123,0
DA:124,0
DA:125,0
DA:126,0
DA:133,0
DA:134,0
DA:151,0
DA:152,0
DA:166,0
DA:173,0
DA:174,0
DA:176,0
DA:177,0
DA:183,0
DA:186,0
DA:187,0
DA:188,0
DA:189,0
DA:192,0
DA:193,0
DA:194,0
DA:195,0
DA:196,0
DA:199,0
DA:200,0
DA:204,0
DA:206,0
DA:207,0
DA:208,0
DA:209,0
DA:213,0
DA:214,0
DA:216,0
DA:217,0
DA:219,0
LF:75
LH:0
BRDA:32,0,0,0
BRDA:32,0,1,0
BRDA:35,1,0,0
BRDA:35,1,1,0
BRDA:38,2,0,0
BRDA:38,2,1,0
BRDA:41,3,0,0
BRDA:41,3,1,0
BRDA:44,4,0,0
BRDA:44,4,1,0
BRDA:51,5,0,0
BRDA:51,5,1,0
BRDA:75,6,0,0
BRDA:75,6,1,0
BRDA:76,7,0,0
BRDA:76,7,1,0
BRDA:76,8,0,0
BRDA:76,8,1,0
BRDA:89,9,0,0
BRDA:89,9,1,0
BRDA:90,10,0,0
BRDA:90,10,1,0
BRDA:123,11,0,0
BRDA:123,11,1,0
BRDA:176,12,0,0
BRDA:176,12,1,0
BRDA:183,13,0,0
BRDA:183,13,1,0
BRDA:188,14,0,0
BRDA:188,14,1,0
BRDA:195,15,0,0
BRDA:195,15,1,0
BRDA:195,16,0,0
BRDA:195,16,1,0
BRDA:204,17,0,0
BRDA:204,17,1,0
BRDA:214,18,0,0
BRDA:214,18,1,0
BRF:38
BRH:0
end_of_record
TN:
SF:static/js/model-registry.js
FN:3,(anonymous_0)
FN:13,initializeModelRegistry
FN:17,refreshModelRegistry
FN:20,(anonymous_3)
FN:21,(anonymous_4)
FN:28,(anonymous_5)
FN:34,updateBestModels
FN:57,updateRegistryStatus
FN:91,updateModelsTable
FN:95,(anonymous_9)
FN:123,showTrainingModal
FN:128,startModelTraining
FN:145,(anonymous_12)
FN:146,(anonymous_13)
FN:156,(anonymous_14)
FN:162,showModelDetails
FN:186,downloadModel
FN:191,formatPredictionType
FN:194,(anonymous_18)
FN:198,formatScore
FN:202,formatDate
FN:206,showNotification
FNF:22
FNH:0
FNDA:0,(anonymous_0)
FNDA:0,initializeModelRegistry
FNDA:0,refreshModelRegistry
FNDA:0,(anonymous_3)
FNDA:0,(anonymous_4)
FNDA:0,(anonymous_5)
FNDA:0,updateBestModels
FNDA:0,updateRegistryStatus
FNDA:0,updateModelsTable
FNDA:0,(anonymous_9)
FNDA:0,showTrainingModal
FNDA:0,startModelTraining
FNDA:0,(anonymous_12)
FNDA:0,(anonymous_13)
FNDA:0,(anonymous_14)
FNDA:0,showModelDetails
FNDA:0,downloadModel
FNDA:0,formatPredictionType
FNDA:0,(anonymous_18)
FNDA:0,formatScore
FNDA:0,formatDate
FNDA:0,showNotification
DA:3,0
DA:4,0
DA:7,0
DA:10,0
DA:14,0
DA:19,0
DA:20,0
DA:22,0
DA:23,0
DA:24,0
DA:25,0
DA:29,0
DA:30,0
DA:35,0
DA:36,0
DA:38,0
DA:39,0
DA:54,0
DA:58,0
DA:60,0
DA:88,0
DA:92,0
DA:93,0
DA:95,0
DA:96,0
DA:97,0
DA:119,0
DA:124,0
DA:125,0
DA:129,0
DA:130,0
DA:132,0
DA:138,0
DA:145,0
DA:147,0
DA:148,0
DA:149,0
DA:151,0
DA:153,0
DA:157,0
DA:158,0
DA:163,0
DA:164,0
DA:175,0
DA:176,0
DA:181,0
DA:182,0
DA:187,0
DA:192,0
DA:194,0
DA:199,0
DA:203,0
DA:208,0
LF:53
LH:0
BRDA:22,0,0,0
BRDA:22,0,1,0
BRDA:104,1,0,0
BRDA:104,1,1,0
BRDA:105,2,0,0
BRDA:105,2,1,0
BRDA:147,3,0,0
BRDA:147,3,1,0
BRDA:206,4,0,0
BRF:9
BRH:0
end_of_record
TN:
SF:static/js/monitoring.js
FN:3,(anonymous_0)
FN:18,initializeMonitoring
FN:25,refreshMonitoring
FN:28,(anonymous_3)
FN:29,(anonymous_4)
FN:36,(anonymous_5)
FN:48,(anonymous_6)
FN:49,(anonymous_7)
FN:55,(anonymous_8)
FN:60,updatePerformanceMetrics
FN:99,updateDriftMetrics
FN:137,updateMonitoringEvents
FN:141,(anonymous_12)
FN:167,initializeCharts
FN:280,updatePerformanceTrendChart
FN:283,(anonymous_15)
FN:284,(anonymous_16)
FN:285,(anonymous_17)
FN:294,updateDriftTrendChart
FN:297,(anonymous_19)
FN:298,(anonymous_20)
FN:306,showDriftAnalysis
FN:308,(anonymous_22)
FN:309,(anonymous_23)
FN:314,(anonymous_24)
FN:320,showDriftModal
FN:359,showEventDetails
FN:365,formatPercentage
FN:370,formatDate
FN:374,formatEventType
FN:375,(anonymous_30)
FN:378,formatEventMetrics
FN:388,getEventStatusColor
FN:394,getEventStatus
FN:400,getDriftRecommendation
FN:412,showNotification
FNF:36
FNH:0
FNDA:0,(anonymous_0)
FNDA:0,initializeMonitoring
FNDA:0,refreshMonitoring
FNDA:0,(anonymous_3)
FNDA:0,(anonymous_4)
FNDA:0,(anonymous_5)
FNDA:0,(anonymous_6)
FNDA:0,(anonymous_7)
FNDA:0,(anonymous_8)
FNDA:0,updatePerformanceMetrics
FNDA:0,updateDriftMetrics
FNDA:0,updateMonitoringEvents
FNDA:0,(anonymous_12)
FNDA:0,initializeCharts
FNDA:0,updatePerformanceTrendChart
FNDA:0,(anonymous_15)
FNDA:0,(anonymous_16)
FNDA:0,(anonymous_17)
FNDA:0,updateDriftTrendChart
FNDA:0,(anonymous_19)
FNDA:0,(anonymous_20)
FNDA:0,showDriftAnalysis
FNDA:0,(anonymous_22)
FNDA:0,(anonymous_23)
FNDA:0,(anonymous_24)
FNDA:0,showDriftModal
FNDA:0,showEventDetails
FNDA:0,formatPercentage
FNDA:0,formatDate
FNDA:0,formatEventType
FNDA:0,(anonymous_30)
FNDA:0,formatEventMetrics
FNDA:0,getEventStatusColor
FNDA:0,getEventStatus
FNDA:0,getDriftRecommendation
FNDA:0,showNotification
DA:3,0
DA:4,0
DA:7,0
DA:10,0
DA:13,0
DA:14,0
DA:15,0
DA:16,0
DA:20,0
DA:22,0
DA:27,0
DA:28,0
DA:30,0
DA:31,0
DA:32,0
DA:33,0
DA:37,0
DA:41,0
DA:48,0
DA:50,0
DA:51,0
DA:52,0
DA:56,0
DA:61,0
DA:62,0
DA:64,0
DA:96,0
DA:100,0
DA:101,0
DA:103,0
DA:104,0
DA:105,0
DA:107,0
DA:134,0
DA:138,0
DA:139,0
DA:141,0
DA:142,0
DA:143,0
DA:163,0
DA:169,0
DA:170,0
DA:200,0
DA:201,0
DA:225,0
DA:226,0
DA:256,0
DA:257,0
DA:282,0
DA:283,0
DA:284,0
DA:285,0
DA:287,0
DA:288,0
DA:289,0
DA:290,0
DA:296,0
DA:297,0
DA:298,0
DA:300,0
DA:301,0
DA:302,0
DA:307,0
DA:308,0
DA:310,0
DA:311,0
DA:315,0
DA:316,0
DA:321,0
DA:323,0
DA:353,0
DA:355,0
DA:356,0
DA:361,0
DA:366,0
DA:367,0
DA:371,0
DA:375,0
DA:379,0
DA:380,0
DA:382,0
DA:383,0
DA:385,0
DA:389,0
DA:390,0
DA:391,0
DA:395,0
DA:396,0
DA:397,0
DA:401,0
DA:403,0
DA:404,0
DA:405,0
DA:406,0
DA:408,0
DA:414,0
LF:96
LH:0
BRDA:30,0,0,0
BRDA:30,0,1,0
BRDA:50,1,0,0
BRDA:50,1,1,0
BRDA:103,2,0,0
BRDA:103,2,1,0
BRDA:104,3,0,0
BRDA:104,3,1,0
BRDA:105,4,0,0
BRDA:105,4,1,0
BRDA:120,5,0,0
BRDA:120,5,1,0
BRDA:282,6,0,0
BRDA:282,6,1,0
BRDA:282,7,0,0
BRDA:282,7,1,0
BRDA:296,8,0,0
BRDA:296,8,1,0
BRDA:296,9,0,0
BRDA:296,9,1,0
BRDA:310,10,0,0
BRDA:310,10,1,0
BRDA:340,11,0,0
BRDA:340,11,1,0
BRDA:341,12,0,0
BRDA:341,12,1,0
BRDA:342,13,0,0
BRDA:342,13,1,0
BRDA:366,14,0,0
BRDA:366,14,1,0
BRDA:366,15,0,0
BRDA:366,15,1,0
BRDA:379,16,0,0
BRDA:379,16,1,0
BRDA:382,17,0,0
BRDA:382,17,1,0
BRDA:389,18,0,0
BRDA:389,18,1,0
BRDA:390,19,0,0
BRDA:390,19,1,0
BRDA:395,20,0,0
BRDA:395,20,1,0
BRDA:396,21,0,0
BRDA:396,21,1,0
BRDA:401,22,0,0
BRDA:401,22,1,0
BRDA:403,23,0,0
BRDA:403,23,1,0
BRDA:405,24,0,0
BRDA:405,24,1,0
BRDA:412,25,0,0
BRF:51
BRH:0
end_of_record
TN:
SF:static/js/predictions_v2.js
FN:2,(anonymous_0)
FN:16,getSelectedRaceIds
FN:18,(anonymous_2)
FN:26,runBulkPredictions
FN:30,(anonymous_4)
FN:32,(anonymous_5)
FN:44,exportToCsv
FN:48,(anonymous_7)
FN:65,exportToPdf
FN:73,handleAutoRefresh
FN:77,(anonymous_10)
FN:87,(anonymous_11)
FN:108,(anonymous_12)
FN:109,(anonymous_13)
FNF:14
FNH:0
FNDA:0,(anonymous_0)
FNDA:0,getSelectedRaceIds
FNDA:0,(anonymous_2)
FNDA:0,runBulkPredictions
FNDA:0,(anonymous_4)
FNDA:0,(anonymous_5)
FNDA:0,exportToCsv
FNDA:0,(anonymous_7)
FNDA:0,exportToPdf
FNDA:0,handleAutoRefresh
FNDA:0,(anonymous_10)
FNDA:0,(anonymous_11)
FNDA:0,(anonymous_12)
FNDA:0,(anonymous_13)
DA:2,0
DA:3,0
DA:4,0
DA:5,0
DA:6,0
DA:7,0
DA:8,0
DA:9,0
DA:10,0
DA:11,0
DA:12,0
DA:17,0
DA:18,0
DA:19,0
DA:20,0
DA:23,0
DA:27,0
DA:28,0
DA:30,0
DA:32,0
DA:33,0
DA:34,0
DA:35,0
DA:36,0
DA:37,0
DA:38,0
DA:45,0
DA:47,0
DA:48,0
DA:49,0
DA:50,0
DA:51,0
DA:52,0
DA:55,0
DA:56,0
DA:57,0
DA:58,0
DA:59,0
DA:60,0
DA:61,0
DA:62,0
DA:66,0
DA:67,0
DA:69,0
DA:70,0
DA:74,0
DA:75,0
DA:76,0
DA:77,0
DA:79,0
DA:82,0
DA:84,0
DA:87,0
DA:88,0
DA:89,0
DA:91,0
DA:92,0
DA:96,0
DA:97,0
DA:100,0
DA:101,0
DA:104,0
DA:105,0
DA:107,0
DA:108,0
DA:109,0
DA:110,0
DA:115,0
DA:116,0
DA:118,0
DA:119,0
DA:121,0
DA:122,0
DA:123,0
LF:74
LH:0
BRDA:19,0,0,0
BRDA:19,0,1,0
BRDA:37,1,0,0
BRDA:37,1,1,0
BRDA:74,2,0,0
BRDA:74,2,1,0
BRDA:91,3,0,0
BRDA:91,3,1,0
BRDA:91,4,0,0
BRDA:91,4,1,0
BRDA:96,5,0,0
BRDA:96,5,1,0
BRDA:100,6,0,0
BRDA:100,6,1,0
BRDA:107,7,0,0
BRDA:107,7,1,0
BRDA:118,8,0,0
BRDA:118,8,1,0
BRDA:121,9,0,0
BRDA:121,9,1,0
BRF:20
BRH:0
end_of_record
TN:
SF:static/js/script.js
FN:4,(anonymous_0)
FN:12,initializeDashboard
FN:20,highlightActiveNavItem
FN:24,(anonymous_3)
FN:31,initializeRefreshButtons
FN:34,(anonymous_5)
FN:35,(anonymous_6)
FN:42,refreshStats
FN:44,(anonymous_8)
FN:45,(anonymous_9)
FN:49,(anonymous_10)
FN:54,refreshSection
FN:60,(anonymous_12)
FN:67,formatFileSize
FN:77,formatDate
FN:82,showNotification
FN:89,(anonymous_16)
FN:95,fetchRecentRaces
FN:106,fetchRaceDetails
FNF:19
FNH:0
FNDA:0,(anonymous_0)
FNDA:0,initializeDashboard
FNDA:0,highlightActiveNavItem
FNDA:0,(anonymous_3)
FNDA:0,initializeRefreshButtons
FNDA:0,(anonymous_5)
FNDA:0,(anonymous_6)
FNDA:0,refreshStats
FNDA:0,(anonymous_8)
FNDA:0,(anonymous_9)
FNDA:0,(anonymous_10)
FNDA:0,refreshSection
FNDA:0,(anonymous_12)
FNDA:0,formatFileSize
FNDA:0,formatDate
FNDA:0,showNotification
FNDA:0,(anonymous_16)
FNDA:0,fetchRecentRaces
FNDA:0,fetchRaceDetails
DA:4,0
DA:6,0
DA:9,0
DA:13,0
DA:16,0
DA:17,0
DA:21,0
DA:22,0
DA:24,0
DA:25,0
DA:26,0
DA:32,0
DA:34,0
DA:35,0
DA:36,0
DA:37,0
DA:43,0
DA:44,0
DA:46,0
DA:50,0
DA:55,0
DA:56,0
DA:57,0
DA:60,0
DA:61,0
DA:68,0
DA:70,0
DA:71,0
DA:72,0
DA:74,0
DA:78,0
DA:79,0
DA:83,0
DA:84,0
DA:85,0
DA:87,0
DA:89,0
DA:90,0
DA:96,0
DA:97,0
DA:98,0
DA:99,0
DA:101,0
DA:102,0
DA:107,0
DA:108,0
DA:109,0
DA:110,0
DA:112,0
DA:113,0
DA:118,0
LF:51
LH:0
BRDA:25,0,0,0
BRDA:25,0,1,0
BRDA:56,1,0,0
BRDA:56,1,1,0
BRDA:68,2,0,0
BRDA:68,2,1,0
BRDA:82,3,0,0
BRDA:95,4,0,0
BRF:8
BRH:0
end_of_record
TN:
SF:static/js/sidebar.js
FN:2,updateSidebar
FN:4,(anonymous_1)
FN:5,(anonymous_2)
FN:10,(anonymous_3)
FN:32,(anonymous_4)
FN:46,(anonymous_5)
FN:49,(anonymous_6)
FN:54,(anonymous_7)
FN:58,(anonymous_8)
FNF:9
FNH:0
FNDA:0,updateSidebar
FNDA:0,(anonymous_1)
FNDA:0,(anonymous_2)
FNDA:0,(anonymous_3)
FNDA:0,(anonymous_4)
FNDA:0,(anonymous_5)
FNDA:0,(anonymous_6)
FNDA:0,(anonymous_7)
FNDA:0,(anonymous_8)
DA:3,0
DA:4,0
DA:6,0
DA:8,0
DA:9,0
DA:10,0
DA:11,0
DA:12,0
DA:13,0
DA:14,0
DA:16,0
DA:17,0
DA:19,0
DA:20,0
DA:22,0
DA:23,0
DA:25,0
DA:26,0
DA:30,0
DA:31,0
DA:32,0
DA:33,0
DA:34,0
DA:35,0
DA:39,0
DA:40,0
DA:42,0
DA:43,0
DA:44,0
DA:45,0
DA:46,0
DA:50,0
DA:51,0
DA:52,0
DA:53,0
DA:54,0
DA:58,0
DA:59,0
DA:60,0
LF:39
LH:0
BRDA:6,0,0,0
BRDA:6,0,1,0
BRDA:14,1,0,0
BRDA:14,1,1,0
BRDA:14,1,2,0
BRF:5
BRH:0
end_of_record
